<?xml version="1.0" encoding="UTF-8"?>
<testsuites name="04262022_Climate_SignIn" time="59.233" tests="1" failures="0" errors="0">
   <testsuite name="04262022_Climate_SignIn" tests="1" failures="0" errors="0" time="59.233" skipped="0" timestamp="2022-04-26 13:59:00" hostname="Harvey.Jandayan - PHCORPLBVMQLQ2.emrsn.org" id="Test Suites/04262022_Climate_SignIn">
      <properties>
         <property name="deviceName" value=""/>
         <property name="devicePlatform" value=""/>
         <property name="logFolder" value="C:\\Users\\harvey.jandayan\\git\\katalon-digitalmarketing\\Reports\\20220426_135842\\04262022_Climate_SignIn\\20220426_135842"/>
         <property name="logFiles" value="C:\\Users\\harvey.jandayan\\git\\katalon-digitalmarketing\\Reports\\20220426_135842\\04262022_Climate_SignIn\\20220426_135842\\execution0.log"/>
         <property name="attachments" value=""/>
         <property name="hostName" value="Harvey.Jandayan - PHCORPLBVMQLQ2.emrsn.org"/>
         <property name="os" value="Windows 10 64bit"/>
         <property name="katalonVersion" value="8.3.0.208"/>
         <property name="browser" value="Chrome 100.0.4896.127"/>
         <property name="hostAddress" value="10.169.2.33"/>
         <property name="sessionId" value="8dac8a942882debb523912f6419c25bf"/>
         <property name="seleniumVersion" value="3.141.59"/>
         <property name="proxyInformation" value="ProxyInformation { proxyOption=NO_PROXY, proxyServerType=HTTP, username=, password=********, proxyServerAddress=, proxyServerPort=0, executionList=&quot;&quot;, isApplyToDesiredCapabilities=true }"/>
         <property name="platform" value="Windows 10"/>
      </properties>
      <testcase name="Test Cases/Test_Recorder" time="58.827" classname="Test Cases/Test_Recorder" status="PASSED">
         <system-out><![CDATA[2022-04-26 13:59:01 - [TEST_CASE][PASSED] - Test Cases/Test_Recorder: Test Cases/Test_Recorder

2022-04-26 13:59:01 - [TEST_STEP][PASSED] - openBrowser(""): Browser is opened with url: ''

2022-04-26 13:59:02 - [MESSAGE][INFO] - Starting 'Chrome' driver

2022-04-26 13:59:02 - [MESSAGE][INFO] - Action delay is set to 0 milliseconds

2022-04-26 13:59:05 - [MESSAGE][PASSED] - Browser is opened with url: ''

2022-04-26 13:59:05 - [TEST_STEP][PASSED] - navigateToUrl("https://climate.emerson.com/en-us"): Navigate to 'https://climate.emerson.com/en-us' successfully

2022-04-26 13:59:17 - [MESSAGE][PASSED] - Navigate to 'https://climate.emerson.com/en-us' successfully

2022-04-26 13:59:17 - [TEST_STEP][PASSED] - click(findTestObject("Object Repository/Test_Signin/Page_HVACR Technology and Infrastructure So_f4d782/button_Accept All Cookies")): Object: 'Object Repository/Test_Signin/Page_HVACR Technology and Infrastructure So_f4d782/button_Accept All Cookies' is clicked on

2022-04-26 13:59:19 - [MESSAGE][PASSED] - Object: 'Object Repository/Test_Signin/Page_HVACR Technology and Infrastructure So_f4d782/button_Accept All Cookies' is clicked on

2022-04-26 13:59:19 - [TEST_STEP][PASSED] - click(findTestObject("Object Repository/Test_Signin/Page_HVACR Technology and Infrastructure So_f4d782/a_Sign In")): Object: 'Object Repository/Test_Signin/Page_HVACR Technology and Infrastructure So_f4d782/a_Sign In' is clicked on

2022-04-26 13:59:38 - [MESSAGE][PASSED] - Object: 'Object Repository/Test_Signin/Page_HVACR Technology and Infrastructure So_f4d782/a_Sign In' is clicked on

2022-04-26 13:59:38 - [TEST_STEP][PASSED] - setText(findTestObject("Object Repository/Test_Signin/Page_Sign In/input_Username_logonId"), "harvey.jandayan@emerson.com"): Text 'harvey.jandayan@emerson.com' is set on object 'Object Repository/Test_Signin/Page_Sign In/input_Username_logonId'

2022-04-26 13:59:40 - [MESSAGE][PASSED] - Text 'harvey.jandayan@emerson.com' is set on object 'Object Repository/Test_Signin/Page_Sign In/input_Username_logonId'

2022-04-26 13:59:40 - [TEST_STEP][PASSED] - setEncryptedText(findTestObject("Object Repository/Test_Signin/Page_Sign In/input_Password_logonPassword"), "T358Gu+rjMQjqFMcWUMJuw=="): Text ****** has been set on object 'Object Repository/Test_Signin/Page_Sign In/input_Password_logonPassword'

2022-04-26 13:59:40 - [MESSAGE][PASSED] - Text ****** has been set on object 'Object Repository/Test_Signin/Page_Sign In/input_Password_logonPassword'

2022-04-26 13:59:40 - [TEST_STEP][PASSED] - click(findTestObject("Object Repository/Test_Signin/Page_Sign In/input_Username_logonId")): Object: 'Object Repository/Test_Signin/Page_Sign In/input_Username_logonId' is clicked on

2022-04-26 13:59:42 - [MESSAGE][PASSED] - Object: 'Object Repository/Test_Signin/Page_Sign In/input_Username_logonId' is clicked on

2022-04-26 13:59:42 - [TEST_STEP][PASSED] - click(findTestObject("Object Repository/Test_Signin/Page_Sign In/span_Sign In")): Object: 'Object Repository/Test_Signin/Page_Sign In/span_Sign In' is clicked on

2022-04-26 13:59:47 - [MESSAGE][PASSED] - Object: 'Object Repository/Test_Signin/Page_Sign In/span_Sign In' is clicked on

2022-04-26 13:59:47 - [TEST_STEP][PASSED] - click(findTestObject("Object Repository/Test_Signin/Page_HVACR Technology and Infrastructure So_f4d782/a_My Account")): Object: 'Object Repository/Test_Signin/Page_HVACR Technology and Infrastructure So_f4d782/a_My Account' is clicked on

2022-04-26 13:59:59 - [MESSAGE][PASSED] - Object: 'Object Repository/Test_Signin/Page_HVACR Technology and Infrastructure So_f4d782/a_My Account' is clicked on]]></system-out>
         <system-err><![CDATA[]]></system-err>
      </testcase>
      <system-out><![CDATA[2022-04-26 13:59:00 - [TEST_SUITE][PASSED] - 04262022_Climate_SignIn: Test Cases/Test_Recorder]]></system-out>
      <system-err><![CDATA[]]></system-err>
   </testsuite>
</testsuites>
