<?xml version="1.0" encoding="UTF-8"?>
<testsuites name="04262022_Climate_SignIn" time="40.419" tests="1" failures="0" errors="0">
   <testsuite name="04262022_Climate_SignIn" tests="1" failures="0" errors="0" time="40.419" skipped="0" timestamp="2022-04-27 17:46:58" hostname="Harvey.Jandayan - PHCORPLBVMQLQ2.emrsn.org" id="Test Suites/04262022_Climate_SignIn">
      <properties>
         <property name="deviceName" value=""/>
         <property name="devicePlatform" value=""/>
         <property name="logFolder" value="C:\\Users\\harvey.jandayan\\git\\katalon-digitalmarketing\\Reports\\20220427_174646\\04262022_Climate_SignIn\\20220427_174646"/>
         <property name="logFiles" value="C:\\Users\\harvey.jandayan\\git\\katalon-digitalmarketing\\Reports\\20220427_174646\\04262022_Climate_SignIn\\20220427_174646\\execution0.log"/>
         <property name="attachments" value=""/>
         <property name="hostName" value="Harvey.Jandayan - PHCORPLBVMQLQ2.emrsn.org"/>
         <property name="os" value="Windows 10 64bit"/>
         <property name="katalonVersion" value="8.3.0.208"/>
         <property name="browser" value="Chrome 100.0.4896.127"/>
         <property name="hostAddress" value="10.175.144.178"/>
         <property name="sessionId" value="4063198cb97125ada30bcc3019fed425"/>
         <property name="seleniumVersion" value="3.141.59"/>
         <property name="proxyInformation" value="ProxyInformation { proxyOption=NO_PROXY, proxyServerType=HTTP, username=, password=********, proxyServerAddress=, proxyServerPort=0, executionList=&quot;&quot;, isApplyToDesiredCapabilities=true }"/>
         <property name="platform" value="Windows 10"/>
      </properties>
      <testcase name="Test Cases/Signin" time="39.998" classname="Test Cases/Signin" status="PASSED">
         <system-out><![CDATA[2022-04-27 17:46:59 - [TEST_CASE][PASSED] - Test Cases/Signin: Test Cases/Signin

2022-04-27 17:46:59 - [TEST_STEP][PASSED] - openBrowser(""): Browser is opened with url: ''

2022-04-27 17:47:00 - [MESSAGE][INFO] - Starting 'Chrome' driver

2022-04-27 17:47:00 - [MESSAGE][INFO] - Action delay is set to 0 milliseconds

2022-04-27 17:47:04 - [MESSAGE][PASSED] - Browser is opened with url: ''

2022-04-27 17:47:04 - [TEST_STEP][PASSED] - navigateToUrl("https://climate.emerson.com/en-us"): Navigate to 'https://climate.emerson.com/en-us' successfully

2022-04-27 17:47:13 - [MESSAGE][PASSED] - Navigate to 'https://climate.emerson.com/en-us' successfully

2022-04-27 17:47:13 - [TEST_STEP][PASSED] - click(findTestObject("Object Repository/546_Signin/Page_HVACR Technology and Infrastructure So_f4d782/button_Accept All Cookies")): Object: 'Object Repository/546_Signin/Page_HVACR Technology and Infrastructure So_f4d782/button_Accept All Cookies' is clicked on

2022-04-27 17:47:15 - [MESSAGE][PASSED] - Object: 'Object Repository/546_Signin/Page_HVACR Technology and Infrastructure So_f4d782/button_Accept All Cookies' is clicked on

2022-04-27 17:47:15 - [TEST_STEP][PASSED] - click(findTestObject("Object Repository/546_Signin/Page_HVACR Technology and Infrastructure So_f4d782/a_Sign In")): Object: 'Object Repository/546_Signin/Page_HVACR Technology and Infrastructure So_f4d782/a_Sign In' is clicked on

2022-04-27 17:47:21 - [MESSAGE][PASSED] - Object: 'Object Repository/546_Signin/Page_HVACR Technology and Infrastructure So_f4d782/a_Sign In' is clicked on

2022-04-27 17:47:21 - [TEST_STEP][PASSED] - setText(findTestObject("Object Repository/546_Signin/Page_Sign In/input_Username_logonId"), "harvey.jandayan@emerson.com"): Text 'harvey.jandayan@emerson.com' is set on object 'Object Repository/546_Signin/Page_Sign In/input_Username_logonId'

2022-04-27 17:47:22 - [MESSAGE][PASSED] - Text 'harvey.jandayan@emerson.com' is set on object 'Object Repository/546_Signin/Page_Sign In/input_Username_logonId'

2022-04-27 17:47:22 - [TEST_STEP][PASSED] - setEncryptedText(findTestObject("Object Repository/546_Signin/Page_Sign In/input_Password_logonPassword"), "T358Gu+rjMQjqFMcWUMJuw=="): Text ****** has been set on object 'Object Repository/546_Signin/Page_Sign In/input_Password_logonPassword'

2022-04-27 17:47:23 - [MESSAGE][PASSED] - Text ****** has been set on object 'Object Repository/546_Signin/Page_Sign In/input_Password_logonPassword'

2022-04-27 17:47:23 - [TEST_STEP][PASSED] - click(findTestObject("Object Repository/546_Signin/Page_Sign In/div_Sign In")): Object: 'Object Repository/546_Signin/Page_Sign In/div_Sign In' is clicked on

2022-04-27 17:47:28 - [MESSAGE][PASSED] - Object: 'Object Repository/546_Signin/Page_Sign In/div_Sign In' is clicked on

2022-04-27 17:47:28 - [TEST_STEP][PASSED] - click(findTestObject("Object Repository/546_Signin/Page_HVACR Technology and Infrastructure So_f4d782/a_My Account")): Object: 'Object Repository/546_Signin/Page_HVACR Technology and Infrastructure So_f4d782/a_My Account' is clicked on

2022-04-27 17:47:35 - [MESSAGE][PASSED] - Object: 'Object Repository/546_Signin/Page_HVACR Technology and Infrastructure So_f4d782/a_My Account' is clicked on

2022-04-27 17:47:35 - [TEST_STEP][PASSED] - click(findTestObject("Object Repository/546_Signin/Page_My Account/a_Sign Out")): Object: 'Object Repository/546_Signin/Page_My Account/a_Sign Out' is clicked on

2022-04-27 17:47:39 - [MESSAGE][PASSED] - Object: 'Object Repository/546_Signin/Page_My Account/a_Sign Out' is clicked on]]></system-out>
         <system-err><![CDATA[]]></system-err>
      </testcase>
      <system-out><![CDATA[2022-04-27 17:46:58 - [TEST_SUITE][PASSED] - 04262022_Climate_SignIn: Test Cases/Signin]]></system-out>
      <system-err><![CDATA[]]></system-err>
   </testsuite>
</testsuites>
